# JRE version: Java(TM) SE Runtime Environment (8.0_77-b03) (build 1.8.0_77-b03)
# Java VM: Java HotSpot(TM) 64-Bit Server VM (25.77-b03 mixed mode windows-amd64 compressed oops)
Heap:
 PSYoungGen      total 126976K, used 21044K [0x00000000eab00000, 0x00000000ff100000, 0x0000000100000000)
  eden space 110080K, 3% used [0x00000000eab00000,0x00000000eaf11d40,0x00000000f1680000)
  from space 16896K, 99% used [0x00000000f3b80000,0x00000000f4bfb598,0x00000000f4c00000)
  to   space 37888K, 0% used [0x00000000f1680000,0x00000000f1680000,0x00000000f3b80000)
 ParOldGen       total 86016K, used 60030K [0x00000000c0000000, 0x00000000c5400000, 0x00000000eab00000)
  object space 86016K, 69% used [0x00000000c0000000,0x00000000c3a9fbb0,0x00000000c5400000)
 Metaspace       used 6680K, capacity 7320K, committed 7680K, reserved 1056768K
  class space    used 631K, capacity 656K, committed 768K, reserved 1048576K
GC Heap History (10 events):
Event: 4.941 GC heap before
{Heap before GC invocations=4 (full 0):
 PSYoungGen      total 37888K, used 37885K [0x00000000eab00000, 0x00000000ef500000, 0x0000000100000000)
  eden space 32768K, 100% used [0x00000000eab00000,0x00000000ecb00000,0x00000000ecb00000)
  from space 5120K, 99% used [0x00000000ecb00000,0x00000000ecfff470,0x00000000ed000000)
  to   space 5120K, 0% used [0x00000000ef000000,0x00000000ef000000,0x00000000ef500000)
 ParOldGen       total 86016K, used 9216K [0x00000000c0000000, 0x00000000c5400000, 0x00000000eab00000)
  object space 86016K, 10% used [0x00000000c0000000,0x00000000c0900170,0x00000000c5400000)
 Metaspace       used 6310K, capacity 7154K, committed 7296K, reserved 1056768K
  class space    used 605K, capacity 618K, committed 640K, reserved 1048576K
Event: 5.036 GC heap after
Heap after GC invocations=4 (full 0):
 PSYoungGen      total 70656K, used 5117K [0x00000000eab00000, 0x00000000ef500000, 0x0000000100000000)
  eden space 65536K, 0% used [0x00000000eab00000,0x00000000eab00000,0x00000000eeb00000)
  from space 5120K, 99% used [0x00000000ef000000,0x00000000ef4ff470,0x00000000ef500000)
  to   space 5120K, 0% used [0x00000000eeb00000,0x00000000eeb00000,0x00000000ef000000)
 ParOldGen       total 86016K, used 14317K [0x00000000c0000000, 0x00000000c5400000, 0x00000000eab00000)
  object space 86016K, 16% used [0x00000000c0000000,0x00000000c0dfb430,0x00000000c5400000)
 Metaspace       used 6310K, capacity 7154K, committed 7296K, reserved 1056768K
  class space    used 605K, capacity 618K, committed 640K, reserved 1048576K
}
Event: 6.178 GC heap before
{Heap before GC invocations=5 (full 0):
 PSYoungGen      total 70656K, used 70653K [0x00000000eab00000, 0x00000000ef500000, 0x0000000100000000)
  eden space 65536K, 100% used [0x00000000eab00000,0x00000000eeb00000,0x00000000eeb00000)
  from space 5120K, 99% used [0x00000000ef000000,0x00000000ef4ff470,0x00000000ef500000)
  to   space 5120K, 0% used [0x00000000eeb00000,0x00000000eeb00000,0x00000000ef000000)
 ParOldGen       total 86016K, used 14317K [0x00000000c0000000, 0x00000000c5400000, 0x00000000eab00000)
  object space 86016K, 16% used [0x00000000c0000000,0x00000000c0dfb430,0x00000000c5400000)
 Metaspace       used 6365K, capacity 7154K, committed 7296K, reserved 1056768K
  class space    used 605K, capacity 618K, committed 640K, reserved 1048576K
Event: 6.294 GC heap after
Heap after GC invocations=5 (full 0):
 PSYoungGen      total 70656K, used 5117K [0x00000000eab00000, 0x00000000f4c00000, 0x0000000100000000)
  eden space 65536K, 0% used [0x00000000eab00000,0x00000000eab00000,0x00000000eeb00000)
  from space 5120K, 99% used [0x00000000eeb00000,0x00000000eefff660,0x00000000ef000000)
  to   space 16896K, 0% used [0x00000000f3b80000,0x00000000f3b80000,0x00000000f4c00000)
 ParOldGen       total 86016K, used 24312K [0x00000000c0000000, 0x00000000c5400000, 0x00000000eab00000)
  object space 86016K, 28% used [0x00000000c0000000,0x00000000c17be3f8,0x00000000c5400000)
 Metaspace       used 6365K, capacity 7154K, committed 7296K, reserved 1056768K
  class space    used 605K, capacity 618K, committed 640K, reserved 1048576K
}
Event: 7.398 GC heap before
{Heap before GC invocations=6 (full 0):
 PSYoungGen      total 70656K, used 70653K [0x00000000eab00000, 0x00000000f4c00000, 0x0000000100000000)
  eden space 65536K, 100% used [0x00000000eab00000,0x00000000eeb00000,0x00000000eeb00000)
  from space 5120K, 99% used [0x00000000eeb00000,0x00000000eefff660,0x00000000ef000000)
  to   space 16896K, 0% used [0x00000000f3b80000,0x00000000f3b80000,0x00000000f4c00000)
 ParOldGen       total 86016K, used 24312K [0x00000000c0000000, 0x00000000c5400000, 0x00000000eab00000)
  object space 86016K, 28% used [0x00000000c0000000,0x00000000c17be3f8,0x00000000c5400000)
 Metaspace       used 6415K, capacity 7218K, committed 7296K, reserved 1056768K
  class space    used 605K, capacity 618K, committed 640K, reserved 1048576K
Event: 7.502 GC heap after
Heap after GC invocations=6 (full 0):
 PSYoungGen      total 145920K, used 15975K [0x00000000eab00000, 0x00000000f5000000, 0x0000000100000000)
  eden space 129024K, 0% used [0x00000000eab00000,0x00000000eab00000,0x00000000f2900000)
  from space 16896K, 94% used [0x00000000f3b80000,0x00000000f4b19e40,0x00000000f4c00000)
  to   space 18944K, 0% used [0x00000000f2900000,0x00000000f2900000,0x00000000f3b80000)
 ParOldGen       total 86016K, used 24320K [0x00000000c0000000, 0x00000000c5400000, 0x00000000eab00000)
  object space 86016K, 28% used [0x00000000c0000000,0x00000000c17c03f8,0x00000000c5400000)
 Metaspace       used 6415K, capacity 7218K, committed 7296K, reserved 1056768K
  class space    used 605K, capacity 618K, committed 640K, reserved 1048576K
}
Event: 9.633 GC heap before
{Heap before GC invocations=7 (full 0):
 PSYoungGen      total 145920K, used 144999K [0x00000000eab00000, 0x00000000f5000000, 0x0000000100000000)
  eden space 129024K, 100% used [0x00000000eab00000,0x00000000f2900000,0x00000000f2900000)
  from space 16896K, 94% used [0x00000000f3b80000,0x00000000f4b19e40,0x00000000f4c00000)
  to   space 18944K, 0% used [0x00000000f2900000,0x00000000f2900000,0x00000000f3b80000)
 ParOldGen       total 86016K, used 24320K [0x00000000c0000000, 0x00000000c5400000, 0x00000000eab00000)
  object space 86016K, 28% used [0x00000000c0000000,0x00000000c17c03f8,0x00000000c5400000)
 Metaspace       used 6554K, capacity 7256K, committed 7424K, reserved 1056768K
  class space    used 625K, capacity 656K, committed 768K, reserved 1048576K
Event: 9.868 GC heap after
Heap after GC invocations=7 (full 0):
 PSYoungGen      total 147968K, used 18917K [0x00000000eab00000, 0x00000000f5000000, 0x0000000100000000)
  eden space 129024K, 0% used [0x00000000eab00000,0x00000000eab00000,0x00000000f2900000)
  from space 18944K, 99% used [0x00000000f2900000,0x00000000f3b794b0,0x00000000f3b80000)
  to   space 16896K, 0% used [0x00000000f3b80000,0x00000000f3b80000,0x00000000f4c00000)
 ParOldGen       total 86016K, used 39909K [0x00000000c0000000, 0x00000000c5400000, 0x00000000eab00000)
  object space 86016K, 46% used [0x00000000c0000000,0x00000000c26f9768,0x00000000c5400000)
 Metaspace       used 6554K, capacity 7256K, committed 7424K, reserved 1056768K
  class space    used 625K, capacity 656K, committed 768K, reserved 1048576K
}
Event: 11.960 GC heap before
{Heap before GC invocations=8 (full 0):
 PSYoungGen      total 147968K, used 147941K [0x00000000eab00000, 0x00000000f5000000, 0x0000000100000000)
  eden space 129024K, 100% used [0x00000000eab00000,0x00000000f2900000,0x00000000f2900000)
  from space 18944K, 99% used [0x00000000f2900000,0x00000000f3b794b0,0x00000000f3b80000)
  to   space 16896K, 0% used [0x00000000f3b80000,0x00000000f3b80000,0x00000000f4c00000)
 ParOldGen       total 86016K, used 39909K [0x00000000c0000000, 0x00000000c5400000, 0x00000000eab00000)
  object space 86016K, 46% used [0x00000000c0000000,0x00000000c26f9768,0x00000000c5400000)
 Metaspace       used 6587K, capacity 7256K, committed 7424K, reserved 1056768K
  class space    used 625K, capacity 656K, committed 768K, reserved 1048576K
Event: 12.204 GC heap after
Heap after GC invocations=8 (full 0):
 PSYoungGen      total 126976K, used 16877K [0x00000000eab00000, 0x00000000ff100000, 0x0000000100000000)
  eden space 110080K, 0% used [0x00000000eab00000,0x00000000eab00000,0x00000000f1680000)
  from space 16896K, 99% used [0x00000000f3b80000,0x00000000f4bfb598,0x00000000f4c00000)
  to   space 37888K, 0% used [0x00000000f1680000,0x00000000f1680000,0x00000000f3b80000)
 ParOldGen       total 86016K, used 60030K [0x00000000c0000000, 0x00000000c5400000, 0x00000000eab00000)
  object space 86016K, 69% used [0x00000000c0000000,0x00000000c3a9fbb0,0x00000000c5400000)
 Metaspace       used 6587K, capacity 7256K, committed 7424K, reserved 1056768K
  class space    used 625K, capacity 656K, committed 768K, reserved 1048576K
}

